<?xml version="1.0" encoding="UTF-8"?>
<!-- Generated by org.testng.reporters.JUnitReportReporter -->
<testsuite skipped="0" hostname="DESKTOP-L2O0OSU" name="test" tests="1" failures="0" timestamp="04 Mar 2020 18:18:36 GMT" time="15.554" errors="0">
  <testcase name="testing" time="15.554" classname="test"/>
</testsuite> <!-- test -->
