<?xml version="1.0" encoding="UTF-8"?>
<!-- Generated by org.testng.reporters.JUnitReportReporter -->
<testsuite skipped="0" hostname="DESKTOP-L2O0OSU" name="test" tests="1" failures="0" timestamp="05 Mar 2020 05:26:49 GMT" time="32.820" errors="0">
  <testcase name="testing" time="32.820" classname="test"/>
</testsuite> <!-- test -->
