<?xml version="1.0" encoding="UTF-8"?>
<!-- Generated by org.testng.reporters.JUnitReportReporter -->
<testsuite skipped="0" hostname="DESKTOP-L2O0OSU" name="test" tests="1" failures="0" timestamp="05 Mar 2020 10:57:19 GMT" time="23.918" errors="0">
  <testcase name="testing" time="23.918" classname="test"/>
</testsuite> <!-- test -->
