<?xml version="1.0" encoding="UTF-8"?>
<!-- Generated by org.testng.reporters.JUnitReportReporter -->
<testsuite skipped="0" hostname="DESKTOP-L2O0OSU" name="test" tests="1" failures="0" timestamp="04 Mar 2020 17:59:04 GMT" time="20.398" errors="0">
  <testcase name="testing" time="20.398" classname="test"/>
</testsuite> <!-- test -->
